2025-09-22 21:43:25,186 - INFO - Targets updated: {'symbol': 'NATIONALUM', 'mode': 'Manual', 'target1': 222.18, 'sell_qty_target1': 1, 'active_target1': True, 'target2': 232.76, 'sell_qty_target2': 1, 'active_target2': True}
2025-09-22 21:43:57,786 - INFO - Targets updated: {'symbol': 'KFINTECH', 'mode': 'Manual', 'target1': 1155.4, 'sell_qty_target1': 0, 'active_target1': True, 'target2': 1264.89, 'sell_qty_target2': 1, 'active_target2': True}
2025-09-22 21:44:30,194 - INFO - Targets updated: {'symbol': 'KFINTECH', 'mode': 'Manual', 'target1': 1155.4, 'sell_qty_target1': 0, 'active_target1': True, 'target2': 1264.89, 'sell_qty_target2': 1, 'active_target2': True}
2025-09-22 21:53:18,137 - ERROR - Error saving targets: 'HoldingsTab' object has no attribute 'instruments'
Traceback (most recent call last):
  File "C:\Project\DHANAutoTraderWithUI\ui_app.py", line 455, in save_targets
    json.dump(self.instruments, f, indent=4)
              ^^^^^^^^^^^^^^^^
AttributeError: 'HoldingsTab' object has no attribute 'instruments'
2025-09-22 21:53:20,857 - ERROR - Error saving targets: 'HoldingsTab' object has no attribute 'instruments'
Traceback (most recent call last):
  File "C:\Project\DHANAutoTraderWithUI\ui_app.py", line 455, in save_targets
    json.dump(self.instruments, f, indent=4)
              ^^^^^^^^^^^^^^^^
AttributeError: 'HoldingsTab' object has no attribute 'instruments'
2025-09-23 22:42:01,667 - INFO - REQUEST: {'dhanClientId': '1103998056', 'transactionType': 'SELL', 'exchangeSegment': 'NSE_EQ', 'productType': 'INTRADAY', 'orderType': 'MARKET', 'validity': 'DAY', 'securityId': 'ORIENTCEM', 'quantity': '1', 'price': '0', 'triggerPrice': ''}
2025-09-23 22:42:04,244 - INFO - REQUEST: {'dhanClientId': '1103998056', 'transactionType': 'SELL', 'exchangeSegment': 'NSE_EQ', 'productType': 'INTRADAY', 'orderType': 'MARKET', 'validity': 'DAY', 'securityId': 'IRMENERGY', 'quantity': '1', 'price': '0', 'triggerPrice': ''}
2025-09-23 22:53:28,951 - INFO - [2025-09-23T22:53:28.951107] Dhan order request: {'dhanClientId': '1103998056', 'transactionType': 'SELL', 'exchangeSegment': 'NSE_EQ', 'productType': 'INTRADAY', 'orderType': 'MARKET', 'validity': 'DAY', 'securityId': 'ORIENTCEM', 'quantity': '1', 'price': '0', 'triggerPrice': ''}
2025-09-23 22:53:28,951 - DEBUG - Dhan order request model: {'dhanClientId': '1103998056', 'transactionType': 'SELL', 'exchangeSegment': 'NSE_EQ', 'productType': 'INTRADAY', 'orderType': 'MARKET', 'validity': 'DAY', 'securityId': 'ORIENTCEM', 'quantity': '1', 'price': '0', 'triggerPrice': ''}
2025-09-23 22:53:31,480 - INFO - [2025-09-23T22:53:31.480278] Dhan order request: {'dhanClientId': '1103998056', 'transactionType': 'SELL', 'exchangeSegment': 'NSE_EQ', 'productType': 'INTRADAY', 'orderType': 'MARKET', 'validity': 'DAY', 'securityId': 'IRMENERGY', 'quantity': '1', 'price': '0', 'triggerPrice': ''}
2025-09-23 22:53:31,480 - DEBUG - Dhan order request model: {'dhanClientId': '1103998056', 'transactionType': 'SELL', 'exchangeSegment': 'NSE_EQ', 'productType': 'INTRADAY', 'orderType': 'MARKET', 'validity': 'DAY', 'securityId': 'IRMENERGY', 'quantity': '1', 'price': '0', 'triggerPrice': ''}
2025-09-23 23:08:09,595 - INFO - [2025-09-23T23:08:09.595790] Dhan order request payload: {'security_id': 'ORIENTCEM', 'qty': 1, 'transaction_type': 'SELL', 'exchange_segment': 'NSE_EQ', 'order_type': 'MARKET', 'product_type': 'INTRADAY', 'price': 0, 'trigger_price': 0, 'disclosed_quantity': 0, 'after_market_order': False, 'validity': 'DAY', 'amo_time': 'OPEN', 'bo_profit_value': None, 'bo_stop_loss_Value': None, 'tag': None, 'should_slice': False}
2025-09-23 23:08:12,139 - INFO - [2025-09-23T23:08:12.139695] Dhan order request payload: {'security_id': 'IRMENERGY', 'qty': 1, 'transaction_type': 'SELL', 'exchange_segment': 'NSE_EQ', 'order_type': 'MARKET', 'product_type': 'INTRADAY', 'price': 0, 'trigger_price': 0, 'disclosed_quantity': 0, 'after_market_order': False, 'validity': 'DAY', 'amo_time': 'OPEN', 'bo_profit_value': None, 'bo_stop_loss_Value': None, 'tag': None, 'should_slice': False}
2025-09-24 11:15:22,553 - INFO - Targets updated for HDFCBANK
2025-10-29 19:50:05,591 - INFO - Targets updated for ARTEMISMED
